<?xml version="1.0" encoding="UTF-8"?>
<testng-results ignored="0" total="1" passed="1" failed="0" skipped="0">
  <reporter-output>
  </reporter-output>
  <suite started-at="2021-12-10T18:34:08 IST" name="Command line suite" finished-at="2021-12-10T18:34:08 IST" duration-ms="14">
    <groups>
    </groups>
    <test started-at="2021-12-10T18:34:08 IST" name="Command line test" finished-at="2021-12-10T18:34:08 IST" duration-ms="14">
      <class name="recruitCRM.AppTest">
        <test-method signature="testApp()[pri:0, instance:testApp(recruitCRM.AppTest)]" started-at="2021-12-10T18:34:08 IST" name="testApp" finished-at="2021-12-10T18:34:08 IST" duration-ms="1" status="PASS">
          <reporter-output>
          </reporter-output>
        </test-method> <!-- testApp -->
      </class> <!-- recruitCRM.AppTest -->
    </test> <!-- Command line test -->
  </suite> <!-- Command line suite -->
</testng-results>
