<?xml version="1.0" encoding="UTF-8"?>
<!-- Generated by org.testng.reporters.JUnitXMLReporter -->
<testsuite ignored="0" hostname="LAPTOP-6F9LGEKD" failures="0" tests="3" name="Default test" time="16.382" errors="0" timestamp="2021-12-08T21:01:57 IST">
  <testcase classname="recruitCRM.LoginPageTest" name="sampleTest" time="1.178"/>
  <testcase classname="recruitCRM.LoginPageTest" name="sampleTest" time="1.155"/>
  <testcase classname="recruitCRM.LoginPageTest" name="sampleTest" time="1.037"/>
</testsuite> <!-- Default test -->
