<?xml version="1.0" encoding="UTF-8" ?>
<testsuite tests="9" failures="2" name="TestSuite" time="15.573" errors="0" skipped="0">
  <properties>
[...]
</properties>
  <testcase classname="recruitCRM.LegalTermsPageTest" name="languageDropdownTest" time="1.046"/>
  <testcase classname="recruitCRM.LoginPageTest" name="elementVisibleTest" time="0.649">
    <failure message="expected:&lt;false&gt; but was:&lt;true&gt;" type="junit.framework.AssertionFailedError">junit.framework.AssertionFailedError: expected:&lt;false&gt; but was:&lt;true&gt;
	at junit.framework.Assert.fail(Assert.java:47)
	at junit.framework.Assert.failNotEquals(Assert.java:282)
	at junit.framework.Assert.assertEquals(Assert.java:64)
	at junit.framework.Assert.assertEquals(Assert.java:149)
	at junit.framework.Assert.assertEquals(Assert.java:155)
	at recruitCRM.LoginPageTest.elementVisibleTest(LoginPageTest.java:70)
</failure>
    <system-err>Starting ChromeDriver 96.0.4664.45 (76e4c1bb2ab4671b8beba3444e61c0f17584b2fc-refs/branch-heads/4664@{#947}) on port 53992
Only local connections are allowed.
Please see https://chromedriver.chromium.org/security-considerations for suggestions on keeping ChromeDriver safe.
ChromeDriver was started successfully.
Dec 10, 2021 6:33:24 PM org.openqa.selenium.remote.ProtocolHandshake createSession
INFO: Detected dialect: W3C
Dec 10, 2021 6:33:24 PM org.openqa.selenium.devtools.CdpVersionFinder findNearestMatch
INFO: Found exact CDP implementation for version 96
</system-err>
  </testcase>
  <testcase classname="recruitCRM.LoginPageTest" name="forgotPasswordTest" time="1.019">
    <failure message="expected:&lt;Forgot your password?&gt; but was:&lt;Login to Recruit CRM&gt;" type="junit.framework.ComparisonFailure">junit.framework.ComparisonFailure: expected:&lt;Forgot your password?&gt; but was:&lt;Login to Recruit CRM&gt;
	at junit.framework.Assert.assertEquals(Assert.java:81)
	at junit.framework.Assert.assertEquals(Assert.java:87)
	at recruitCRM.LoginPageTest.forgotPasswordTest(LoginPageTest.java:99)
</failure>
    <system-err>Starting ChromeDriver 96.0.4664.45 (76e4c1bb2ab4671b8beba3444e61c0f17584b2fc-refs/branch-heads/4664@{#947}) on port 64098
Only local connections are allowed.
Please see https://chromedriver.chromium.org/security-considerations for suggestions on keeping ChromeDriver safe.
ChromeDriver was started successfully.
Dec 10, 2021 6:33:29 PM org.openqa.selenium.remote.ProtocolHandshake createSession
INFO: Detected dialect: W3C
Dec 10, 2021 6:33:29 PM org.openqa.selenium.devtools.CdpVersionFinder findNearestMatch
INFO: Found exact CDP implementation for version 96
</system-err>
  </testcase>
  <testcase classname="recruitCRM.LoginPageTest" name="loginTitleTest" time="1.554"/>
  <testcase classname="recruitCRM.LoginPageTest" name="positiveLoginTest" time="3.496"/>
  <testcase classname="recruitCRM.LoginPageTest" name="sampleTest" time="1.829"/>
  <testcase classname="recruitCRM.LoginPageTest" name="sampleTest" time="1.823"/>
  <testcase classname="recruitCRM.LoginPageTest" name="sampleTest" time="1.536"/>
  <testcase classname="recruitCRM.AppTest" name="testApp on testApp(recruitCRM.AppTest)" time="2.621"/>
</testsuite>