<?xml version="1.0" encoding="UTF-8"?>
<testng-results ignored="0" total="3" passed="3" failed="0" skipped="0">
  <reporter-output>
  </reporter-output>
  <suite started-at="2021-12-08T21:01:40 IST" name="Default suite" finished-at="2021-12-08T21:01:57 IST" duration-ms="16382">
    <groups>
    </groups>
    <test started-at="2021-12-08T21:01:40 IST" name="Default test" finished-at="2021-12-08T21:01:57 IST" duration-ms="16382">
      <class name="recruitCRM.LoginPageTest">
        <test-method is-config="true" signature="driverInit()[pri:0, instance:recruitCRM.LoginPageTest@6973b51b]" started-at="2021-12-08T21:01:41 IST" name="driverInit" finished-at="2021-12-08T21:01:46 IST" duration-ms="5187" status="PASS">
          <reporter-output>
          </reporter-output>
        </test-method> <!-- driverInit -->
        <test-method signature="sampleTest(java.lang.String,java.lang.String)[pri:0, instance:recruitCRM.LoginPageTest@6973b51b]" started-at="2021-12-08T21:01:46 IST" name="sampleTest" data-provider="logindata" finished-at="2021-12-08T21:01:47 IST" duration-ms="1178" status="PASS">
          <params>
            <param index="0">
              <value>
                <![CDATA[shubhamjyani2@gmail.com]]>
              </value>
            </param>
            <param index="1">
              <value>
                <![CDATA[Kamla@29]]>
              </value>
            </param>
          </params>
          <reporter-output>
          </reporter-output>
        </test-method> <!-- sampleTest -->
        <test-method is-config="true" signature="driverInit()[pri:0, instance:recruitCRM.LoginPageTest@6973b51b]" started-at="2021-12-08T21:01:47 IST" name="driverInit" finished-at="2021-12-08T21:01:51 IST" duration-ms="3932" status="PASS">
          <reporter-output>
          </reporter-output>
        </test-method> <!-- driverInit -->
        <test-method signature="sampleTest(java.lang.String,java.lang.String)[pri:0, instance:recruitCRM.LoginPageTest@6973b51b]" started-at="2021-12-08T21:01:51 IST" name="sampleTest" data-provider="logindata" finished-at="2021-12-08T21:01:52 IST" duration-ms="1155" status="PASS">
          <params>
            <param index="0">
              <value>
                <![CDATA[shubhamjyani2@gmail.com]]>
              </value>
            </param>
            <param index="1">
              <value>
                <![CDATA[password]]>
              </value>
            </param>
          </params>
          <reporter-output>
          </reporter-output>
        </test-method> <!-- sampleTest -->
        <test-method is-config="true" signature="driverInit()[pri:0, instance:recruitCRM.LoginPageTest@6973b51b]" started-at="2021-12-08T21:01:52 IST" name="driverInit" finished-at="2021-12-08T21:01:56 IST" duration-ms="3013" status="PASS">
          <reporter-output>
          </reporter-output>
        </test-method> <!-- driverInit -->
        <test-method signature="sampleTest(java.lang.String,java.lang.String)[pri:0, instance:recruitCRM.LoginPageTest@6973b51b]" started-at="2021-12-08T21:01:56 IST" name="sampleTest" data-provider="logindata" finished-at="2021-12-08T21:01:57 IST" duration-ms="1037" status="PASS">
          <params>
            <param index="0">
              <value>
                <![CDATA[id]]>
              </value>
            </param>
            <param index="1">
              <value>
                <![CDATA[Kamla@29]]>
              </value>
            </param>
          </params>
          <reporter-output>
          </reporter-output>
        </test-method> <!-- sampleTest -->
      </class> <!-- recruitCRM.LoginPageTest -->
    </test> <!-- Default test -->
  </suite> <!-- Default suite -->
</testng-results>
