<?xml version="1.0" encoding="UTF-8"?>
<testng-results ignored="0" total="1" passed="1" failed="0" skipped="0">
  <reporter-output>
  </reporter-output>
  <suite started-at="2021-12-10T18:16:19 IST" name="Default suite" finished-at="2021-12-10T18:16:30 IST" duration-ms="10744">
    <groups>
    </groups>
    <test started-at="2021-12-10T18:16:19 IST" name="Default test" finished-at="2021-12-10T18:16:30 IST" duration-ms="10744">
      <class name="recruitCRM.SpiceJetAutomation">
        <test-method is-config="true" signature="driverinitialize()[pri:0, instance:recruitCRM.SpiceJetAutomation@62150f9e]" started-at="2021-12-10T18:16:19 IST" name="driverinitialize" finished-at="2021-12-10T18:16:28 IST" duration-ms="8992" status="PASS">
          <reporter-output>
          </reporter-output>
        </test-method> <!-- driverinitialize -->
        <test-method signature="radioButton()[pri:0, instance:recruitCRM.SpiceJetAutomation@62150f9e]" started-at="2021-12-10T18:16:28 IST" name="radioButton" finished-at="2021-12-10T18:16:29 IST" duration-ms="924" status="PASS">
          <reporter-output>
          </reporter-output>
        </test-method> <!-- radioButton -->
        <test-method is-config="true" signature="closeDriver()[pri:0, instance:recruitCRM.SpiceJetAutomation@62150f9e]" started-at="2021-12-10T18:16:29 IST" name="closeDriver" finished-at="2021-12-10T18:16:30 IST" duration-ms="784" status="PASS">
          <reporter-output>
          </reporter-output>
        </test-method> <!-- closeDriver -->
      </class> <!-- recruitCRM.SpiceJetAutomation -->
    </test> <!-- Default test -->
  </suite> <!-- Default suite -->
</testng-results>
